<?xml version="1.0" encoding="UTF-8"?>
<testsuite xmlns:xsi="http://www.w3.org/2001/XMLSchema-instance" xsi:noNamespaceSchemaLocation="https://maven.apache.org/surefire/maven-surefire-plugin/xsd/surefire-test-report-3.0.xsd" version="3.0" name="com.FinTech.Payment.Gateway.GatewayApplicationTests" time="4.248" tests="1" errors="0" skipped="0" failures="0">
  <properties>
    <property name="java.specification.version" value="22"/>
    <property name="sun.jnu.encoding" value="UTF-8"/>
    <property name="java.class.path" value="/Users/siphumelelenkosi/Desktop/PaymentGateway/PaymentGateway/target/test-classes:/Users/siphumelelenkosi/Desktop/PaymentGateway/PaymentGateway/target/classes:/Users/siphumelelenkosi/.m2/repository/org/springframework/boot/spring-boot-starter-actuator/3.2.6/spring-boot-starter-actuator-3.2.6.jar:/Users/siphumelelenkosi/.m2/repository/org/springframework/boot/spring-boot-starter/3.2.6/spring-boot-starter-3.2.6.jar:/Users/siphumelelenkosi/.m2/repository/org/springframework/boot/spring-boot-starter-logging/3.2.6/spring-boot-starter-logging-3.2.6.jar:/Users/siphumelelenkosi/.m2/repository/ch/qos/logback/logback-classic/1.4.14/logback-classic-1.4.14.jar:/Users/siphumelelenkosi/.m2/repository/ch/qos/logback/logback-core/1.4.14/logback-core-1.4.14.jar:/Users/siphumelelenkosi/.m2/repository/org/apache/logging/log4j/log4j-to-slf4j/2.21.1/log4j-to-slf4j-2.21.1.jar:/Users/siphumelelenkosi/.m2/repository/org/apache/logging/log4j/log4j-api/2.21.1/log4j-api-2.21.1.jar:/Users/siphumelelenkosi/.m2/repository/org/slf4j/jul-to-slf4j/2.0.13/jul-to-slf4j-2.0.13.jar:/Users/siphumelelenkosi/.m2/repository/jakarta/annotation/jakarta.annotation-api/2.1.1/jakarta.annotation-api-2.1.1.jar:/Users/siphumelelenkosi/.m2/repository/org/yaml/snakeyaml/2.2/snakeyaml-2.2.jar:/Users/siphumelelenkosi/.m2/repository/org/springframework/boot/spring-boot-actuator-autoconfigure/3.2.6/spring-boot-actuator-autoconfigure-3.2.6.jar:/Users/siphumelelenkosi/.m2/repository/org/springframework/boot/spring-boot-actuator/3.2.6/spring-boot-actuator-3.2.6.jar:/Users/siphumelelenkosi/.m2/repository/com/fasterxml/jackson/core/jackson-databind/2.15.4/jackson-databind-2.15.4.jar:/Users/siphumelelenkosi/.m2/repository/com/fasterxml/jackson/core/jackson-annotations/2.15.4/jackson-annotations-2.15.4.jar:/Users/siphumelelenkosi/.m2/repository/com/fasterxml/jackson/core/jackson-core/2.15.4/jackson-core-2.15.4.jar:/Users/siphumelelenkosi/.m2/repository/com/fasterxml/jackson/datatype/jackson-datatype-jsr310/2.15.4/jackson-datatype-jsr310-2.15.4.jar:/Users/siphumelelenkosi/.m2/repository/io/micrometer/micrometer-observation/1.12.6/micrometer-observation-1.12.6.jar:/Users/siphumelelenkosi/.m2/repository/io/micrometer/micrometer-commons/1.12.6/micrometer-commons-1.12.6.jar:/Users/siphumelelenkosi/.m2/repository/io/micrometer/micrometer-jakarta9/1.12.6/micrometer-jakarta9-1.12.6.jar:/Users/siphumelelenkosi/.m2/repository/io/micrometer/micrometer-core/1.12.6/micrometer-core-1.12.6.jar:/Users/siphumelelenkosi/.m2/repository/org/hdrhistogram/HdrHistogram/2.1.12/HdrHistogram-2.1.12.jar:/Users/siphumelelenkosi/.m2/repository/org/latencyutils/LatencyUtils/2.0.3/LatencyUtils-2.0.3.jar:/Users/siphumelelenkosi/.m2/repository/org/springframework/boot/spring-boot-starter-web/3.2.6/spring-boot-starter-web-3.2.6.jar:/Users/siphumelelenkosi/.m2/repository/org/springframework/boot/spring-boot-starter-json/3.2.6/spring-boot-starter-json-3.2.6.jar:/Users/siphumelelenkosi/.m2/repository/com/fasterxml/jackson/datatype/jackson-datatype-jdk8/2.15.4/jackson-datatype-jdk8-2.15.4.jar:/Users/siphumelelenkosi/.m2/repository/com/fasterxml/jackson/module/jackson-module-parameter-names/2.15.4/jackson-module-parameter-names-2.15.4.jar:/Users/siphumelelenkosi/.m2/repository/org/springframework/boot/spring-boot-starter-tomcat/3.2.6/spring-boot-starter-tomcat-3.2.6.jar:/Users/siphumelelenkosi/.m2/repository/org/apache/tomcat/embed/tomcat-embed-core/10.1.24/tomcat-embed-core-10.1.24.jar:/Users/siphumelelenkosi/.m2/repository/org/apache/tomcat/embed/tomcat-embed-el/10.1.24/tomcat-embed-el-10.1.24.jar:/Users/siphumelelenkosi/.m2/repository/org/apache/tomcat/embed/tomcat-embed-websocket/10.1.24/tomcat-embed-websocket-10.1.24.jar:/Users/siphumelelenkosi/.m2/repository/org/springframework/spring-web/6.1.8/spring-web-6.1.8.jar:/Users/siphumelelenkosi/.m2/repository/org/springframework/spring-beans/6.1.8/spring-beans-6.1.8.jar:/Users/siphumelelenkosi/.m2/repository/org/springframework/spring-webmvc/6.1.8/spring-webmvc-6.1.8.jar:/Users/siphumelelenkosi/.m2/repository/org/springframework/spring-aop/6.1.8/spring-aop-6.1.8.jar:/Users/siphumelelenkosi/.m2/repository/org/springframework/spring-context/6.1.8/spring-context-6.1.8.jar:/Users/siphumelelenkosi/.m2/repository/org/springframework/spring-expression/6.1.8/spring-expression-6.1.8.jar:/Users/siphumelelenkosi/.m2/repository/org/springframework/boot/spring-boot-starter-web-services/3.2.6/spring-boot-starter-web-services-3.2.6.jar:/Users/siphumelelenkosi/.m2/repository/com/sun/xml/messaging/saaj/saaj-impl/3.0.4/saaj-impl-3.0.4.jar:/Users/siphumelelenkosi/.m2/repository/jakarta/xml/soap/jakarta.xml.soap-api/3.0.2/jakarta.xml.soap-api-3.0.2.jar:/Users/siphumelelenkosi/.m2/repository/org/jvnet/staxex/stax-ex/2.1.0/stax-ex-2.1.0.jar:/Users/siphumelelenkosi/.m2/repository/jakarta/activation/jakarta.activation-api/2.1.3/jakarta.activation-api-2.1.3.jar:/Users/siphumelelenkosi/.m2/repository/org/eclipse/angus/angus-activation/2.0.2/angus-activation-2.0.2.jar:/Users/siphumelelenkosi/.m2/repository/jakarta/xml/ws/jakarta.xml.ws-api/4.0.2/jakarta.xml.ws-api-4.0.2.jar:/Users/siphumelelenkosi/.m2/repository/org/springframework/spring-oxm/6.1.8/spring-oxm-6.1.8.jar:/Users/siphumelelenkosi/.m2/repository/org/springframework/ws/spring-ws-core/4.0.11/spring-ws-core-4.0.11.jar:/Users/siphumelelenkosi/.m2/repository/org/springframework/ws/spring-xml/4.0.11/spring-xml-4.0.11.jar:/Users/siphumelelenkosi/.m2/repository/org/glassfish/jaxb/jaxb-runtime/4.0.5/jaxb-runtime-4.0.5.jar:/Users/siphumelelenkosi/.m2/repository/org/glassfish/jaxb/jaxb-core/4.0.5/jaxb-core-4.0.5.jar:/Users/siphumelelenkosi/.m2/repository/org/glassfish/jaxb/txw2/4.0.5/txw2-4.0.5.jar:/Users/siphumelelenkosi/.m2/repository/com/sun/istack/istack-commons-runtime/4.1.2/istack-commons-runtime-4.1.2.jar:/Users/siphumelelenkosi/.m2/repository/org/springframework/boot/spring-boot-devtools/3.2.6/spring-boot-devtools-3.2.6.jar:/Users/siphumelelenkosi/.m2/repository/org/springframework/boot/spring-boot/3.2.6/spring-boot-3.2.6.jar:/Users/siphumelelenkosi/.m2/repository/org/springframework/boot/spring-boot-autoconfigure/3.2.6/spring-boot-autoconfigure-3.2.6.jar:/Users/siphumelelenkosi/.m2/repository/org/projectlombok/lombok/1.18.32/lombok-1.18.32.jar:/Users/siphumelelenkosi/.m2/repository/org/springframework/boot/spring-boot-starter-test/3.2.6/spring-boot-starter-test-3.2.6.jar:/Users/siphumelelenkosi/.m2/repository/org/springframework/boot/spring-boot-test/3.2.6/spring-boot-test-3.2.6.jar:/Users/siphumelelenkosi/.m2/repository/org/springframework/boot/spring-boot-test-autoconfigure/3.2.6/spring-boot-test-autoconfigure-3.2.6.jar:/Users/siphumelelenkosi/.m2/repository/com/jayway/jsonpath/json-path/2.9.0/json-path-2.9.0.jar:/Users/siphumelelenkosi/.m2/repository/org/slf4j/slf4j-api/2.0.13/slf4j-api-2.0.13.jar:/Users/siphumelelenkosi/.m2/repository/jakarta/xml/bind/jakarta.xml.bind-api/4.0.2/jakarta.xml.bind-api-4.0.2.jar:/Users/siphumelelenkosi/.m2/repository/net/minidev/json-smart/2.5.1/json-smart-2.5.1.jar:/Users/siphumelelenkosi/.m2/repository/net/minidev/accessors-smart/2.5.1/accessors-smart-2.5.1.jar:/Users/siphumelelenkosi/.m2/repository/org/ow2/asm/asm/9.6/asm-9.6.jar:/Users/siphumelelenkosi/.m2/repository/org/assertj/assertj-core/3.24.2/assertj-core-3.24.2.jar:/Users/siphumelelenkosi/.m2/repository/net/bytebuddy/byte-buddy/1.14.16/byte-buddy-1.14.16.jar:/Users/siphumelelenkosi/.m2/repository/org/awaitility/awaitility/4.2.1/awaitility-4.2.1.jar:/Users/siphumelelenkosi/.m2/repository/org/hamcrest/hamcrest/2.2/hamcrest-2.2.jar:/Users/siphumelelenkosi/.m2/repository/org/junit/jupiter/junit-jupiter/5.10.2/junit-jupiter-5.10.2.jar:/Users/siphumelelenkosi/.m2/repository/org/junit/jupiter/junit-jupiter-api/5.10.2/junit-jupiter-api-5.10.2.jar:/Users/siphumelelenkosi/.m2/repository/org/opentest4j/opentest4j/1.3.0/opentest4j-1.3.0.jar:/Users/siphumelelenkosi/.m2/repository/org/junit/platform/junit-platform-commons/1.10.2/junit-platform-commons-1.10.2.jar:/Users/siphumelelenkosi/.m2/repository/org/apiguardian/apiguardian-api/1.1.2/apiguardian-api-1.1.2.jar:/Users/siphumelelenkosi/.m2/repository/org/junit/jupiter/junit-jupiter-params/5.10.2/junit-jupiter-params-5.10.2.jar:/Users/siphumelelenkosi/.m2/repository/org/junit/jupiter/junit-jupiter-engine/5.10.2/junit-jupiter-engine-5.10.2.jar:/Users/siphumelelenkosi/.m2/repository/org/junit/platform/junit-platform-engine/1.10.2/junit-platform-engine-1.10.2.jar:/Users/siphumelelenkosi/.m2/repository/org/mockito/mockito-core/5.7.0/mockito-core-5.7.0.jar:/Users/siphumelelenkosi/.m2/repository/net/bytebuddy/byte-buddy-agent/1.14.16/byte-buddy-agent-1.14.16.jar:/Users/siphumelelenkosi/.m2/repository/org/objenesis/objenesis/3.3/objenesis-3.3.jar:/Users/siphumelelenkosi/.m2/repository/org/mockito/mockito-junit-jupiter/5.7.0/mockito-junit-jupiter-5.7.0.jar:/Users/siphumelelenkosi/.m2/repository/org/skyscreamer/jsonassert/1.5.1/jsonassert-1.5.1.jar:/Users/siphumelelenkosi/.m2/repository/com/vaadin/external/google/android-json/0.0.20131108.vaadin1/android-json-0.0.20131108.vaadin1.jar:/Users/siphumelelenkosi/.m2/repository/org/springframework/spring-core/6.1.8/spring-core-6.1.8.jar:/Users/siphumelelenkosi/.m2/repository/org/springframework/spring-jcl/6.1.8/spring-jcl-6.1.8.jar:/Users/siphumelelenkosi/.m2/repository/org/springframework/spring-test/6.1.8/spring-test-6.1.8.jar:/Users/siphumelelenkosi/.m2/repository/org/xmlunit/xmlunit-core/2.9.1/xmlunit-core-2.9.1.jar:/Users/siphumelelenkosi/.m2/repository/org/springframework/boot/spring-boot-starter-data-jpa/3.2.6/spring-boot-starter-data-jpa-3.2.6.jar:/Users/siphumelelenkosi/.m2/repository/org/springframework/boot/spring-boot-starter-aop/3.2.6/spring-boot-starter-aop-3.2.6.jar:/Users/siphumelelenkosi/.m2/repository/org/aspectj/aspectjweaver/1.9.22/aspectjweaver-1.9.22.jar:/Users/siphumelelenkosi/.m2/repository/org/springframework/boot/spring-boot-starter-jdbc/3.2.6/spring-boot-starter-jdbc-3.2.6.jar:/Users/siphumelelenkosi/.m2/repository/com/zaxxer/HikariCP/5.0.1/HikariCP-5.0.1.jar:/Users/siphumelelenkosi/.m2/repository/org/springframework/spring-jdbc/6.1.8/spring-jdbc-6.1.8.jar:/Users/siphumelelenkosi/.m2/repository/org/hibernate/orm/hibernate-core/6.4.8.Final/hibernate-core-6.4.8.Final.jar:/Users/siphumelelenkosi/.m2/repository/jakarta/persistence/jakarta.persistence-api/3.1.0/jakarta.persistence-api-3.1.0.jar:/Users/siphumelelenkosi/.m2/repository/jakarta/transaction/jakarta.transaction-api/2.0.1/jakarta.transaction-api-2.0.1.jar:/Users/siphumelelenkosi/.m2/repository/org/jboss/logging/jboss-logging/3.5.3.Final/jboss-logging-3.5.3.Final.jar:/Users/siphumelelenkosi/.m2/repository/org/hibernate/common/hibernate-commons-annotations/6.0.6.Final/hibernate-commons-annotations-6.0.6.Final.jar:/Users/siphumelelenkosi/.m2/repository/io/smallrye/jandex/3.1.2/jandex-3.1.2.jar:/Users/siphumelelenkosi/.m2/repository/com/fasterxml/classmate/1.6.0/classmate-1.6.0.jar:/Users/siphumelelenkosi/.m2/repository/jakarta/inject/jakarta.inject-api/2.0.1/jakarta.inject-api-2.0.1.jar:/Users/siphumelelenkosi/.m2/repository/org/antlr/antlr4-runtime/4.13.0/antlr4-runtime-4.13.0.jar:/Users/siphumelelenkosi/.m2/repository/org/springframework/data/spring-data-jpa/3.2.6/spring-data-jpa-3.2.6.jar:/Users/siphumelelenkosi/.m2/repository/org/springframework/data/spring-data-commons/3.2.6/spring-data-commons-3.2.6.jar:/Users/siphumelelenkosi/.m2/repository/org/springframework/spring-orm/6.1.8/spring-orm-6.1.8.jar:/Users/siphumelelenkosi/.m2/repository/org/springframework/spring-tx/6.1.8/spring-tx-6.1.8.jar:/Users/siphumelelenkosi/.m2/repository/org/springframework/spring-aspects/6.1.8/spring-aspects-6.1.8.jar:/Users/siphumelelenkosi/.m2/repository/com/h2database/h2/1.4.200/h2-1.4.200.jar:/Users/siphumelelenkosi/.m2/repository/org/springdoc/springdoc-openapi-ui/1.7.0/springdoc-openapi-ui-1.7.0.jar:/Users/siphumelelenkosi/.m2/repository/org/springdoc/springdoc-openapi-webmvc-core/1.7.0/springdoc-openapi-webmvc-core-1.7.0.jar:/Users/siphumelelenkosi/.m2/repository/org/springdoc/springdoc-openapi-common/1.7.0/springdoc-openapi-common-1.7.0.jar:/Users/siphumelelenkosi/.m2/repository/io/swagger/core/v3/swagger-core/2.2.9/swagger-core-2.2.9.jar:/Users/siphumelelenkosi/.m2/repository/org/apache/commons/commons-lang3/3.13.0/commons-lang3-3.13.0.jar:/Users/siphumelelenkosi/.m2/repository/com/fasterxml/jackson/dataformat/jackson-dataformat-yaml/2.15.4/jackson-dataformat-yaml-2.15.4.jar:/Users/siphumelelenkosi/.m2/repository/io/swagger/core/v3/swagger-annotations/2.2.9/swagger-annotations-2.2.9.jar:/Users/siphumelelenkosi/.m2/repository/io/swagger/core/v3/swagger-models/2.2.9/swagger-models-2.2.9.jar:/Users/siphumelelenkosi/.m2/repository/jakarta/validation/jakarta.validation-api/3.0.2/jakarta.validation-api-3.0.2.jar:/Users/siphumelelenkosi/.m2/repository/org/webjars/swagger-ui/4.18.2/swagger-ui-4.18.2.jar:"/>
    <property name="java.vm.vendor" value="Oracle Corporation"/>
    <property name="sun.arch.data.model" value="64"/>
    <property name="java.vendor.url" value="https://java.oracle.com/"/>
    <property name="user.timezone" value="Africa/Johannesburg"/>
    <property name="org.jboss.logging.provider" value="slf4j"/>
    <property name="os.name" value="Mac OS X"/>
    <property name="java.vm.specification.version" value="22"/>
    <property name="sun.java.launcher" value="SUN_STANDARD"/>
    <property name="user.country" value="ZA"/>
    <property name="sun.boot.library.path" value="/Library/Java/JavaVirtualMachines/jdk-22.jdk/Contents/Home/lib"/>
    <property name="sun.java.command" value="/Users/siphumelelenkosi/Desktop/PaymentGateway/PaymentGateway/target/surefire/surefirebooter-20240612094610469_3.jar /Users/siphumelelenkosi/Desktop/PaymentGateway/PaymentGateway/target/surefire 2024-06-12T09-46-10_417-jvmRun1 surefire-20240612094610469_1tmp surefire_0-20240612094610469_2tmp"/>
    <property name="http.nonProxyHosts" value="local|*.local|169.254/16|*.169.254/16"/>
    <property name="jdk.debug" value="release"/>
    <property name="surefire.test.class.path" value="/Users/siphumelelenkosi/Desktop/PaymentGateway/PaymentGateway/target/test-classes:/Users/siphumelelenkosi/Desktop/PaymentGateway/PaymentGateway/target/classes:/Users/siphumelelenkosi/.m2/repository/org/springframework/boot/spring-boot-starter-actuator/3.2.6/spring-boot-starter-actuator-3.2.6.jar:/Users/siphumelelenkosi/.m2/repository/org/springframework/boot/spring-boot-starter/3.2.6/spring-boot-starter-3.2.6.jar:/Users/siphumelelenkosi/.m2/repository/org/springframework/boot/spring-boot-starter-logging/3.2.6/spring-boot-starter-logging-3.2.6.jar:/Users/siphumelelenkosi/.m2/repository/ch/qos/logback/logback-classic/1.4.14/logback-classic-1.4.14.jar:/Users/siphumelelenkosi/.m2/repository/ch/qos/logback/logback-core/1.4.14/logback-core-1.4.14.jar:/Users/siphumelelenkosi/.m2/repository/org/apache/logging/log4j/log4j-to-slf4j/2.21.1/log4j-to-slf4j-2.21.1.jar:/Users/siphumelelenkosi/.m2/repository/org/apache/logging/log4j/log4j-api/2.21.1/log4j-api-2.21.1.jar:/Users/siphumelelenkosi/.m2/repository/org/slf4j/jul-to-slf4j/2.0.13/jul-to-slf4j-2.0.13.jar:/Users/siphumelelenkosi/.m2/repository/jakarta/annotation/jakarta.annotation-api/2.1.1/jakarta.annotation-api-2.1.1.jar:/Users/siphumelelenkosi/.m2/repository/org/yaml/snakeyaml/2.2/snakeyaml-2.2.jar:/Users/siphumelelenkosi/.m2/repository/org/springframework/boot/spring-boot-actuator-autoconfigure/3.2.6/spring-boot-actuator-autoconfigure-3.2.6.jar:/Users/siphumelelenkosi/.m2/repository/org/springframework/boot/spring-boot-actuator/3.2.6/spring-boot-actuator-3.2.6.jar:/Users/siphumelelenkosi/.m2/repository/com/fasterxml/jackson/core/jackson-databind/2.15.4/jackson-databind-2.15.4.jar:/Users/siphumelelenkosi/.m2/repository/com/fasterxml/jackson/core/jackson-annotations/2.15.4/jackson-annotations-2.15.4.jar:/Users/siphumelelenkosi/.m2/repository/com/fasterxml/jackson/core/jackson-core/2.15.4/jackson-core-2.15.4.jar:/Users/siphumelelenkosi/.m2/repository/com/fasterxml/jackson/datatype/jackson-datatype-jsr310/2.15.4/jackson-datatype-jsr310-2.15.4.jar:/Users/siphumelelenkosi/.m2/repository/io/micrometer/micrometer-observation/1.12.6/micrometer-observation-1.12.6.jar:/Users/siphumelelenkosi/.m2/repository/io/micrometer/micrometer-commons/1.12.6/micrometer-commons-1.12.6.jar:/Users/siphumelelenkosi/.m2/repository/io/micrometer/micrometer-jakarta9/1.12.6/micrometer-jakarta9-1.12.6.jar:/Users/siphumelelenkosi/.m2/repository/io/micrometer/micrometer-core/1.12.6/micrometer-core-1.12.6.jar:/Users/siphumelelenkosi/.m2/repository/org/hdrhistogram/HdrHistogram/2.1.12/HdrHistogram-2.1.12.jar:/Users/siphumelelenkosi/.m2/repository/org/latencyutils/LatencyUtils/2.0.3/LatencyUtils-2.0.3.jar:/Users/siphumelelenkosi/.m2/repository/org/springframework/boot/spring-boot-starter-web/3.2.6/spring-boot-starter-web-3.2.6.jar:/Users/siphumelelenkosi/.m2/repository/org/springframework/boot/spring-boot-starter-json/3.2.6/spring-boot-starter-json-3.2.6.jar:/Users/siphumelelenkosi/.m2/repository/com/fasterxml/jackson/datatype/jackson-datatype-jdk8/2.15.4/jackson-datatype-jdk8-2.15.4.jar:/Users/siphumelelenkosi/.m2/repository/com/fasterxml/jackson/module/jackson-module-parameter-names/2.15.4/jackson-module-parameter-names-2.15.4.jar:/Users/siphumelelenkosi/.m2/repository/org/springframework/boot/spring-boot-starter-tomcat/3.2.6/spring-boot-starter-tomcat-3.2.6.jar:/Users/siphumelelenkosi/.m2/repository/org/apache/tomcat/embed/tomcat-embed-core/10.1.24/tomcat-embed-core-10.1.24.jar:/Users/siphumelelenkosi/.m2/repository/org/apache/tomcat/embed/tomcat-embed-el/10.1.24/tomcat-embed-el-10.1.24.jar:/Users/siphumelelenkosi/.m2/repository/org/apache/tomcat/embed/tomcat-embed-websocket/10.1.24/tomcat-embed-websocket-10.1.24.jar:/Users/siphumelelenkosi/.m2/repository/org/springframework/spring-web/6.1.8/spring-web-6.1.8.jar:/Users/siphumelelenkosi/.m2/repository/org/springframework/spring-beans/6.1.8/spring-beans-6.1.8.jar:/Users/siphumelelenkosi/.m2/repository/org/springframework/spring-webmvc/6.1.8/spring-webmvc-6.1.8.jar:/Users/siphumelelenkosi/.m2/repository/org/springframework/spring-aop/6.1.8/spring-aop-6.1.8.jar:/Users/siphumelelenkosi/.m2/repository/org/springframework/spring-context/6.1.8/spring-context-6.1.8.jar:/Users/siphumelelenkosi/.m2/repository/org/springframework/spring-expression/6.1.8/spring-expression-6.1.8.jar:/Users/siphumelelenkosi/.m2/repository/org/springframework/boot/spring-boot-starter-web-services/3.2.6/spring-boot-starter-web-services-3.2.6.jar:/Users/siphumelelenkosi/.m2/repository/com/sun/xml/messaging/saaj/saaj-impl/3.0.4/saaj-impl-3.0.4.jar:/Users/siphumelelenkosi/.m2/repository/jakarta/xml/soap/jakarta.xml.soap-api/3.0.2/jakarta.xml.soap-api-3.0.2.jar:/Users/siphumelelenkosi/.m2/repository/org/jvnet/staxex/stax-ex/2.1.0/stax-ex-2.1.0.jar:/Users/siphumelelenkosi/.m2/repository/jakarta/activation/jakarta.activation-api/2.1.3/jakarta.activation-api-2.1.3.jar:/Users/siphumelelenkosi/.m2/repository/org/eclipse/angus/angus-activation/2.0.2/angus-activation-2.0.2.jar:/Users/siphumelelenkosi/.m2/repository/jakarta/xml/ws/jakarta.xml.ws-api/4.0.2/jakarta.xml.ws-api-4.0.2.jar:/Users/siphumelelenkosi/.m2/repository/org/springframework/spring-oxm/6.1.8/spring-oxm-6.1.8.jar:/Users/siphumelelenkosi/.m2/repository/org/springframework/ws/spring-ws-core/4.0.11/spring-ws-core-4.0.11.jar:/Users/siphumelelenkosi/.m2/repository/org/springframework/ws/spring-xml/4.0.11/spring-xml-4.0.11.jar:/Users/siphumelelenkosi/.m2/repository/org/glassfish/jaxb/jaxb-runtime/4.0.5/jaxb-runtime-4.0.5.jar:/Users/siphumelelenkosi/.m2/repository/org/glassfish/jaxb/jaxb-core/4.0.5/jaxb-core-4.0.5.jar:/Users/siphumelelenkosi/.m2/repository/org/glassfish/jaxb/txw2/4.0.5/txw2-4.0.5.jar:/Users/siphumelelenkosi/.m2/repository/com/sun/istack/istack-commons-runtime/4.1.2/istack-commons-runtime-4.1.2.jar:/Users/siphumelelenkosi/.m2/repository/org/springframework/boot/spring-boot-devtools/3.2.6/spring-boot-devtools-3.2.6.jar:/Users/siphumelelenkosi/.m2/repository/org/springframework/boot/spring-boot/3.2.6/spring-boot-3.2.6.jar:/Users/siphumelelenkosi/.m2/repository/org/springframework/boot/spring-boot-autoconfigure/3.2.6/spring-boot-autoconfigure-3.2.6.jar:/Users/siphumelelenkosi/.m2/repository/org/projectlombok/lombok/1.18.32/lombok-1.18.32.jar:/Users/siphumelelenkosi/.m2/repository/org/springframework/boot/spring-boot-starter-test/3.2.6/spring-boot-starter-test-3.2.6.jar:/Users/siphumelelenkosi/.m2/repository/org/springframework/boot/spring-boot-test/3.2.6/spring-boot-test-3.2.6.jar:/Users/siphumelelenkosi/.m2/repository/org/springframework/boot/spring-boot-test-autoconfigure/3.2.6/spring-boot-test-autoconfigure-3.2.6.jar:/Users/siphumelelenkosi/.m2/repository/com/jayway/jsonpath/json-path/2.9.0/json-path-2.9.0.jar:/Users/siphumelelenkosi/.m2/repository/org/slf4j/slf4j-api/2.0.13/slf4j-api-2.0.13.jar:/Users/siphumelelenkosi/.m2/repository/jakarta/xml/bind/jakarta.xml.bind-api/4.0.2/jakarta.xml.bind-api-4.0.2.jar:/Users/siphumelelenkosi/.m2/repository/net/minidev/json-smart/2.5.1/json-smart-2.5.1.jar:/Users/siphumelelenkosi/.m2/repository/net/minidev/accessors-smart/2.5.1/accessors-smart-2.5.1.jar:/Users/siphumelelenkosi/.m2/repository/org/ow2/asm/asm/9.6/asm-9.6.jar:/Users/siphumelelenkosi/.m2/repository/org/assertj/assertj-core/3.24.2/assertj-core-3.24.2.jar:/Users/siphumelelenkosi/.m2/repository/net/bytebuddy/byte-buddy/1.14.16/byte-buddy-1.14.16.jar:/Users/siphumelelenkosi/.m2/repository/org/awaitility/awaitility/4.2.1/awaitility-4.2.1.jar:/Users/siphumelelenkosi/.m2/repository/org/hamcrest/hamcrest/2.2/hamcrest-2.2.jar:/Users/siphumelelenkosi/.m2/repository/org/junit/jupiter/junit-jupiter/5.10.2/junit-jupiter-5.10.2.jar:/Users/siphumelelenkosi/.m2/repository/org/junit/jupiter/junit-jupiter-api/5.10.2/junit-jupiter-api-5.10.2.jar:/Users/siphumelelenkosi/.m2/repository/org/opentest4j/opentest4j/1.3.0/opentest4j-1.3.0.jar:/Users/siphumelelenkosi/.m2/repository/org/junit/platform/junit-platform-commons/1.10.2/junit-platform-commons-1.10.2.jar:/Users/siphumelelenkosi/.m2/repository/org/apiguardian/apiguardian-api/1.1.2/apiguardian-api-1.1.2.jar:/Users/siphumelelenkosi/.m2/repository/org/junit/jupiter/junit-jupiter-params/5.10.2/junit-jupiter-params-5.10.2.jar:/Users/siphumelelenkosi/.m2/repository/org/junit/jupiter/junit-jupiter-engine/5.10.2/junit-jupiter-engine-5.10.2.jar:/Users/siphumelelenkosi/.m2/repository/org/junit/platform/junit-platform-engine/1.10.2/junit-platform-engine-1.10.2.jar:/Users/siphumelelenkosi/.m2/repository/org/mockito/mockito-core/5.7.0/mockito-core-5.7.0.jar:/Users/siphumelelenkosi/.m2/repository/net/bytebuddy/byte-buddy-agent/1.14.16/byte-buddy-agent-1.14.16.jar:/Users/siphumelelenkosi/.m2/repository/org/objenesis/objenesis/3.3/objenesis-3.3.jar:/Users/siphumelelenkosi/.m2/repository/org/mockito/mockito-junit-jupiter/5.7.0/mockito-junit-jupiter-5.7.0.jar:/Users/siphumelelenkosi/.m2/repository/org/skyscreamer/jsonassert/1.5.1/jsonassert-1.5.1.jar:/Users/siphumelelenkosi/.m2/repository/com/vaadin/external/google/android-json/0.0.20131108.vaadin1/android-json-0.0.20131108.vaadin1.jar:/Users/siphumelelenkosi/.m2/repository/org/springframework/spring-core/6.1.8/spring-core-6.1.8.jar:/Users/siphumelelenkosi/.m2/repository/org/springframework/spring-jcl/6.1.8/spring-jcl-6.1.8.jar:/Users/siphumelelenkosi/.m2/repository/org/springframework/spring-test/6.1.8/spring-test-6.1.8.jar:/Users/siphumelelenkosi/.m2/repository/org/xmlunit/xmlunit-core/2.9.1/xmlunit-core-2.9.1.jar:/Users/siphumelelenkosi/.m2/repository/org/springframework/boot/spring-boot-starter-data-jpa/3.2.6/spring-boot-starter-data-jpa-3.2.6.jar:/Users/siphumelelenkosi/.m2/repository/org/springframework/boot/spring-boot-starter-aop/3.2.6/spring-boot-starter-aop-3.2.6.jar:/Users/siphumelelenkosi/.m2/repository/org/aspectj/aspectjweaver/1.9.22/aspectjweaver-1.9.22.jar:/Users/siphumelelenkosi/.m2/repository/org/springframework/boot/spring-boot-starter-jdbc/3.2.6/spring-boot-starter-jdbc-3.2.6.jar:/Users/siphumelelenkosi/.m2/repository/com/zaxxer/HikariCP/5.0.1/HikariCP-5.0.1.jar:/Users/siphumelelenkosi/.m2/repository/org/springframework/spring-jdbc/6.1.8/spring-jdbc-6.1.8.jar:/Users/siphumelelenkosi/.m2/repository/org/hibernate/orm/hibernate-core/6.4.8.Final/hibernate-core-6.4.8.Final.jar:/Users/siphumelelenkosi/.m2/repository/jakarta/persistence/jakarta.persistence-api/3.1.0/jakarta.persistence-api-3.1.0.jar:/Users/siphumelelenkosi/.m2/repository/jakarta/transaction/jakarta.transaction-api/2.0.1/jakarta.transaction-api-2.0.1.jar:/Users/siphumelelenkosi/.m2/repository/org/jboss/logging/jboss-logging/3.5.3.Final/jboss-logging-3.5.3.Final.jar:/Users/siphumelelenkosi/.m2/repository/org/hibernate/common/hibernate-commons-annotations/6.0.6.Final/hibernate-commons-annotations-6.0.6.Final.jar:/Users/siphumelelenkosi/.m2/repository/io/smallrye/jandex/3.1.2/jandex-3.1.2.jar:/Users/siphumelelenkosi/.m2/repository/com/fasterxml/classmate/1.6.0/classmate-1.6.0.jar:/Users/siphumelelenkosi/.m2/repository/jakarta/inject/jakarta.inject-api/2.0.1/jakarta.inject-api-2.0.1.jar:/Users/siphumelelenkosi/.m2/repository/org/antlr/antlr4-runtime/4.13.0/antlr4-runtime-4.13.0.jar:/Users/siphumelelenkosi/.m2/repository/org/springframework/data/spring-data-jpa/3.2.6/spring-data-jpa-3.2.6.jar:/Users/siphumelelenkosi/.m2/repository/org/springframework/data/spring-data-commons/3.2.6/spring-data-commons-3.2.6.jar:/Users/siphumelelenkosi/.m2/repository/org/springframework/spring-orm/6.1.8/spring-orm-6.1.8.jar:/Users/siphumelelenkosi/.m2/repository/org/springframework/spring-tx/6.1.8/spring-tx-6.1.8.jar:/Users/siphumelelenkosi/.m2/repository/org/springframework/spring-aspects/6.1.8/spring-aspects-6.1.8.jar:/Users/siphumelelenkosi/.m2/repository/com/h2database/h2/1.4.200/h2-1.4.200.jar:/Users/siphumelelenkosi/.m2/repository/org/springdoc/springdoc-openapi-ui/1.7.0/springdoc-openapi-ui-1.7.0.jar:/Users/siphumelelenkosi/.m2/repository/org/springdoc/springdoc-openapi-webmvc-core/1.7.0/springdoc-openapi-webmvc-core-1.7.0.jar:/Users/siphumelelenkosi/.m2/repository/org/springdoc/springdoc-openapi-common/1.7.0/springdoc-openapi-common-1.7.0.jar:/Users/siphumelelenkosi/.m2/repository/io/swagger/core/v3/swagger-core/2.2.9/swagger-core-2.2.9.jar:/Users/siphumelelenkosi/.m2/repository/org/apache/commons/commons-lang3/3.13.0/commons-lang3-3.13.0.jar:/Users/siphumelelenkosi/.m2/repository/com/fasterxml/jackson/dataformat/jackson-dataformat-yaml/2.15.4/jackson-dataformat-yaml-2.15.4.jar:/Users/siphumelelenkosi/.m2/repository/io/swagger/core/v3/swagger-annotations/2.2.9/swagger-annotations-2.2.9.jar:/Users/siphumelelenkosi/.m2/repository/io/swagger/core/v3/swagger-models/2.2.9/swagger-models-2.2.9.jar:/Users/siphumelelenkosi/.m2/repository/jakarta/validation/jakarta.validation-api/3.0.2/jakarta.validation-api-3.0.2.jar:/Users/siphumelelenkosi/.m2/repository/org/webjars/swagger-ui/4.18.2/swagger-ui-4.18.2.jar:"/>
    <property name="sun.cpu.endian" value="little"/>
    <property name="user.home" value="/Users/siphumelelenkosi"/>
    <property name="user.language" value="en"/>
    <property name="java.specification.vendor" value="Oracle Corporation"/>
    <property name="java.version.date" value="2024-04-16"/>
    <property name="java.home" value="/Library/Java/JavaVirtualMachines/jdk-22.jdk/Contents/Home"/>
    <property name="file.separator" value="/"/>
    <property name="basedir" value="/Users/siphumelelenkosi/Desktop/PaymentGateway/PaymentGateway"/>
    <property name="java.vm.compressedOopsMode" value="Zero based"/>
    <property name="line.separator" value="&#10;"/>
    <property name="java.vm.specification.vendor" value="Oracle Corporation"/>
    <property name="java.specification.name" value="Java Platform API Specification"/>
    <property name="FILE_LOG_CHARSET" value="UTF-8"/>
    <property name="java.awt.headless" value="true"/>
    <property name="apple.awt.application.name" value="ForkedBooter"/>
    <property name="surefire.real.class.path" value="/Users/siphumelelenkosi/Desktop/PaymentGateway/PaymentGateway/target/surefire/surefirebooter-20240612094610469_3.jar"/>
    <property name="sun.management.compiler" value="HotSpot 64-Bit Tiered Compilers"/>
    <property name="ftp.nonProxyHosts" value="local|*.local|169.254/16|*.169.254/16"/>
    <property name="java.runtime.version" value="22.0.1+8-16"/>
    <property name="user.name" value="siphumelelenkosi"/>
    <property name="stdout.encoding" value="US-ASCII"/>
    <property name="path.separator" value=":"/>
    <property name="os.version" value="14.5"/>
    <property name="java.runtime.name" value="Java(TM) SE Runtime Environment"/>
    <property name="file.encoding" value="UTF-8"/>
    <property name="java.vm.name" value="Java HotSpot(TM) 64-Bit Server VM"/>
    <property name="localRepository" value="/Users/siphumelelenkosi/.m2/repository"/>
    <property name="java.vendor.url.bug" value="https://bugreport.java.com/bugreport/"/>
    <property name="java.io.tmpdir" value="/var/folders/_8/pwtb2fyd6nl4_1xv8x28njw80000gn/T/"/>
    <property name="idea.version" value="2022.3.3"/>
    <property name="com.zaxxer.hikari.pool_number" value="1"/>
    <property name="java.version" value="22.0.1"/>
    <property name="user.dir" value="/Users/siphumelelenkosi/Desktop/PaymentGateway/PaymentGateway"/>
    <property name="os.arch" value="aarch64"/>
    <property name="java.vm.specification.name" value="Java Virtual Machine Specification"/>
    <property name="PID" value="39735"/>
    <property name="CONSOLE_LOG_CHARSET" value="UTF-8"/>
    <property name="native.encoding" value="US-ASCII"/>
    <property name="java.library.path" value="/Users/siphumelelenkosi/Library/Java/Extensions:/Library/Java/Extensions:/Network/Library/Java/Extensions:/System/Library/Java/Extensions:/usr/lib/java:."/>
    <property name="java.vm.info" value="mixed mode, sharing"/>
    <property name="stderr.encoding" value="US-ASCII"/>
    <property name="java.vendor" value="Oracle Corporation"/>
    <property name="java.vm.version" value="22.0.1+8-16"/>
    <property name="sun.io.unicode.encoding" value="UnicodeBig"/>
    <property name="socksNonProxyHosts" value="local|*.local|169.254/16|*.169.254/16"/>
    <property name="java.class.version" value="66.0"/>
    <property name="LOGGED_APPLICATION_NAME" value="[Gateway] "/>
  </properties>
  <testcase name="contextLoads" classname="com.FinTech.Payment.Gateway.GatewayApplicationTests" time="0.386">
    <system-out><![CDATA[09:46:11.011 [main] INFO org.springframework.test.context.support.AnnotationConfigContextLoaderUtils -- Could not detect default configuration classes for test class [com.FinTech.Payment.Gateway.GatewayApplicationTests]: GatewayApplicationTests does not declare any static, non-private, non-final, nested classes annotated with @Configuration.
09:46:11.080 [main] INFO org.springframework.boot.test.context.SpringBootTestContextBootstrapper -- Found @SpringBootConfiguration com.FinTech.Payment.Gateway.GatewayApplication for test class com.FinTech.Payment.Gateway.GatewayApplicationTests
09:46:11.186 [main] INFO org.springframework.boot.devtools.restart.RestartApplicationListener -- Restart disabled due to context in which it is running

  .   ____          _            __ _ _
 /\\ / ___'_ __ _ _(_)_ __  __ _ \ \ \ \
( ( )\___ | '_ | '_| | '_ \/ _` | \ \ \ \
 \\/  ___)| |_)| | | | | || (_| |  ) ) ) )
  '  |____| .__|_| |_|_| |_\__, | / / / /
 =========|_|==============|___/=/_/_/_/
 :: Spring Boot ::                (v3.2.6)

2024-06-12T09:46:11.457+02:00  INFO 39735 --- [Gateway] [           main] c.F.P.Gateway.GatewayApplicationTests    : Starting GatewayApplicationTests using Java 22.0.1 with PID 39735 (started by siphumelelenkosi in /Users/siphumelelenkosi/Desktop/PaymentGateway/PaymentGateway)
2024-06-12T09:46:11.458+02:00  INFO 39735 --- [Gateway] [           main] c.F.P.Gateway.GatewayApplicationTests    : The following 1 profile is active: "local"
2024-06-12T09:46:12.070+02:00  INFO 39735 --- [Gateway] [           main] .s.d.r.c.RepositoryConfigurationDelegate : Bootstrapping Spring Data JPA repositories in DEFAULT mode.
2024-06-12T09:46:12.105+02:00  INFO 39735 --- [Gateway] [           main] .s.d.r.c.RepositoryConfigurationDelegate : Finished Spring Data repository scanning in 29 ms. Found 4 JPA repository interfaces.
2024-06-12T09:46:12.324+02:00  WARN 39735 --- [Gateway] [           main] trationDelegate$BeanPostProcessorChecker : Bean 'org.springframework.ws.config.annotation.DelegatingWsConfiguration' of type [org.springframework.ws.config.annotation.DelegatingWsConfiguration$$SpringCGLIB$$0] is not eligible for getting processed by all BeanPostProcessors (for example: not eligible for auto-proxying). The currently created BeanPostProcessor [annotationActionEndpointMapping] is declared through a non-static factory method on that class; consider declaring it as static instead.
2024-06-12T09:46:12.344+02:00  INFO 39735 --- [Gateway] [           main] .w.s.a.s.AnnotationActionEndpointMapping : Supporting [WS-Addressing August 2004, WS-Addressing 1.0]
2024-06-12T09:46:12.619+02:00  INFO 39735 --- [Gateway] [           main] o.hibernate.jpa.internal.util.LogHelper  : HHH000204: Processing PersistenceUnitInfo [name: default]
2024-06-12T09:46:12.675+02:00  INFO 39735 --- [Gateway] [           main] org.hibernate.Version                    : HHH000412: Hibernate ORM core version 6.4.8.Final
2024-06-12T09:46:12.699+02:00  INFO 39735 --- [Gateway] [           main] o.h.c.internal.RegionFactoryInitiator    : HHH000026: Second-level cache disabled
2024-06-12T09:46:12.860+02:00  INFO 39735 --- [Gateway] [           main] o.s.o.j.p.SpringPersistenceUnitInfo      : No LoadTimeWeaver setup: ignoring JPA class transformer
2024-06-12T09:46:12.879+02:00  INFO 39735 --- [Gateway] [           main] com.zaxxer.hikari.HikariDataSource       : HikariPool-1 - Starting...
2024-06-12T09:46:12.994+02:00  INFO 39735 --- [Gateway] [           main] com.zaxxer.hikari.pool.HikariPool        : HikariPool-1 - Added connection conn0: url=jdbc:h2:mem:testdb user=SA
2024-06-12T09:46:12.995+02:00  INFO 39735 --- [Gateway] [           main] com.zaxxer.hikari.HikariDataSource       : HikariPool-1 - Start completed.
2024-06-12T09:46:13.009+02:00  WARN 39735 --- [Gateway] [           main] org.hibernate.dialect.Dialect            : HHH000511: The 1.4.200 version for [org.hibernate.dialect.H2Dialect] is no longer supported, hence certain features may not work properly. The minimum supported version is 2.1.214. Check the community dialects project for available legacy versions.
2024-06-12T09:46:13.014+02:00  WARN 39735 --- [Gateway] [           main] org.hibernate.orm.deprecation            : HHH90000025: H2Dialect does not need to be specified explicitly using 'hibernate.dialect' (remove the property setting and it will be selected by default)
2024-06-12T09:46:13.593+02:00  INFO 39735 --- [Gateway] [           main] o.h.e.t.j.p.i.JtaPlatformInitiator       : HHH000489: No JTA platform available (set 'hibernate.transaction.jta.platform' to enable JTA platform integration)
Hibernate: create table bill_participant (id uuid not null, amount_owed float(53) not null, bill_id uuid, created_at timestamp(6), is_paid boolean not null, updated_at timestamp(6), user_id uuid, primary key (id))
Hibernate: create table bills (id uuid not null, created_at timestamp(6), creator_id uuid, description varchar(255), total_amount float(53) not null, updated_at timestamp(6), primary key (id))
Hibernate: create table transaction (id uuid not null, amount float(53) not null, bill_id uuid, created_at timestamp(6), payee_id uuid, payer_id uuid, transaction_date timestamp(6), updated_at timestamp(6), primary key (id))
Hibernate: create table user (id uuid not null, created_at timestamp(6), email varchar(255), password_hash varchar(255), updated_at timestamp(6), username varchar(255), primary key (id))
2024-06-12T09:46:13.664+02:00  INFO 39735 --- [Gateway] [           main] j.LocalContainerEntityManagerFactoryBean : Initialized JPA EntityManagerFactory for persistence unit 'default'
2024-06-12T09:46:14.070+02:00  WARN 39735 --- [Gateway] [           main] JpaBaseConfiguration$JpaWebConfiguration : spring.jpa.open-in-view is enabled by default. Therefore, database queries may be performed during view rendering. Explicitly configure spring.jpa.open-in-view to disable this warning
2024-06-12T09:46:14.609+02:00  INFO 39735 --- [Gateway] [           main] o.s.b.a.e.web.EndpointLinksResolver      : Exposing 1 endpoint(s) beneath base path '/actuator'
2024-06-12T09:46:14.669+02:00  INFO 39735 --- [Gateway] [           main] c.F.P.Gateway.GatewayApplicationTests    : Started GatewayApplicationTests in 3.494 seconds (process running for 4.137)
]]></system-out>
    <system-err><![CDATA[WARNING: A Java agent has been loaded dynamically (/Users/siphumelelenkosi/.m2/repository/net/bytebuddy/byte-buddy-agent/1.14.16/byte-buddy-agent-1.14.16.jar)
WARNING: If a serviceability tool is in use, please run with -XX:+EnableDynamicAgentLoading to hide this warning
WARNING: If a serviceability tool is not in use, please run with -Djdk.instrument.traceUsage for more information
WARNING: Dynamic loading of agents will be disallowed by default in a future release
]]></system-err>
  </testcase>
</testsuite>